2020-07-02 01:19:59,397 INFO client Test
2020-07-02 01:19:59,397 INFO client Устанавливаем соединение: ('localhost', 7777)
2020-07-02 01:20:00,428 ERROR client [WinError 10061] Подключение не установлено, т.к. конечный компьютер отверг запрос на подключение
2020-07-02 01:20:51,048 INFO client Программа клиент запущена
2020-07-02 01:20:51,048 INFO client Устанавливаем соединение: ('localhost', 7777)
2020-07-02 01:20:52,079 ERROR client [WinError 10061] Подключение не установлено, т.к. конечный компьютер отверг запрос на подключение
2020-07-02 01:42:22,487 INFO client Программа клиент запущена
2020-07-02 01:42:22,487 INFO client Устанавливаем соединение: ('localhost', 7777)
2020-07-02 01:42:22,487 INFO client Выполняем команду: `presence`
2020-07-02 01:42:22,487 INFO client Сообщение от сервера: command `presence` completed successfully; Code: 200
2020-07-02 01:42:22,487 INFO client Отключаемся от сервера ('localhost', 7777)
2020-07-02 01:48:45,648 INFO client Программа клиент запущена
2020-07-02 01:48:45,648 INFO client Устанавливаем соединение: ('localhost', 7777)
2020-07-02 01:48:45,648 INFO client Выполняем команду: `presence`
2020-07-02 01:48:45,648 INFO client Сообщение от сервера: command `presence` completed successfully; Code: 200
2020-07-02 01:48:45,648 INFO client Отключаемся от сервера ('localhost', 7777)
2020-07-02 01:50:31,136 INFO client Программа клиент запущена
2020-07-02 01:50:31,136 INFO client Устанавливаем соединение: ('localhost', 7777)
2020-07-02 01:50:31,151 INFO client Выполняем команду: `presence`
2020-07-02 01:50:31,151 INFO client Сообщение от сервера: command `presence` completed successfully; Code: 200
2020-07-02 01:50:31,151 INFO client Отключаемся от сервера ('localhost', 7777)
